<?xml version="1.0" encoding="UTF-8"?>
<testng-results skipped="0" failed="0" ignored="0" total="1" passed="1">
  <reporter-output>
  </reporter-output>
  <suite name="Default suite" duration-ms="27" started-at="2018-06-23T06:13:26Z" finished-at="2018-06-23T06:13:26Z">
    <groups>
    </groups>
    <test name="Default test" duration-ms="27" started-at="2018-06-23T06:13:26Z" finished-at="2018-06-23T06:13:26Z">
      <class name="com.sample.test.SampleTest">
        <test-method status="PASS" signature="createUser()[pri:0, instance:com.sample.test.SampleTest@458ad742]" name="createUser" duration-ms="9" started-at="2018-06-23T11:43:26Z" finished-at="2018-06-23T11:43:26Z">
          <reporter-output>
          </reporter-output>
        </test-method> <!-- createUser -->
      </class> <!-- com.sample.test.SampleTest -->
    </test> <!-- Default test -->
  </suite> <!-- Default suite -->
</testng-results>
